<?xml version="1.0" encoding="UTF-8"?>
<testsuite xmlns:xsi="http://www.w3.org/2001/XMLSchema-instance" xsi:noNamespaceSchemaLocation="https://maven.apache.org/surefire/maven-surefire-plugin/xsd/surefire-test-report.xsd" name="cpp.features.FeaturesRunner" time="0.534" tests="1" errors="1" skipped="0" failures="0">
  <properties>
[...]
</properties>
  <testcase name="testTags" classname="cpp.features.FeaturesRunner" time="0.532">
    <error message="not found: cpp/features/tags.feature" type="java.lang.RuntimeException">java.lang.RuntimeException: not found: cpp/features/tags.feature
</error>
  </testcase>
</testsuite>